[2026-05-21 05:22:14Z INFO HostContext] No proxy settings were found based on environmental variables (http_proxy/https_proxy/HTTP_PROXY/HTTPS_PROXY)
[2026-05-21 05:22:14Z INFO HostContext] Well known directory 'Bin': '/tmp/actions-runner/bin'
[2026-05-21 05:22:14Z INFO HostContext] Well known directory 'Root': '/tmp/actions-runner'
[2026-05-21 05:22:14Z INFO HostContext] Well known config file 'Credentials': '/tmp/actions-runner/.credentials'
[2026-05-21 05:22:14Z INFO HostContext] Well known directory 'Bin': '/tmp/actions-runner/bin'
[2026-05-21 05:22:14Z INFO HostContext] Well known directory 'Root': '/tmp/actions-runner'
[2026-05-21 05:22:14Z INFO HostContext] Well known config file 'Runner': '/tmp/actions-runner/.runner'
[2026-05-21 05:22:14Z INFO Listener] Runner is built for Linux (X64) - linux-x64.
[2026-05-21 05:22:14Z INFO Listener] RuntimeInformation: Amazon Linux 2023.11.20260514.
[2026-05-21 05:22:14Z INFO Listener] Version: 2.334.0
[2026-05-21 05:22:14Z INFO Listener] Commit: f1995ede5d885c997d13d8eca5467c4ce97fe69c
[2026-05-21 05:22:14Z INFO Listener] Culture: 
[2026-05-21 05:22:14Z INFO Listener] UI Culture: 
[2026-05-21 05:22:14Z INFO HostContext] Well known directory 'Bin': '/tmp/actions-runner/bin'
[2026-05-21 05:22:14Z INFO HostContext] Well known directory 'Root': '/tmp/actions-runner'
[2026-05-21 05:22:14Z INFO Listener] Validating directory permissions for: '/tmp/actions-runner'
[2026-05-21 05:22:14Z INFO CommandLineParser] Parse
[2026-05-21 05:22:14Z INFO CommandLineParser] Parsing 5 args
[2026-05-21 05:22:14Z INFO CommandLineParser] parsing argument
[2026-05-21 05:22:14Z INFO CommandLineParser] HasArgs: False
[2026-05-21 05:22:14Z INFO CommandLineParser] Adding Command: configure
[2026-05-21 05:22:14Z INFO CommandLineParser] parsing argument
[2026-05-21 05:22:14Z INFO CommandLineParser] HasArgs: True
[2026-05-21 05:22:14Z INFO CommandLineParser] arg: url
[2026-05-21 05:22:14Z INFO CommandLineParser] parsing argument
[2026-05-21 05:22:14Z INFO CommandLineParser] HasArgs: True
[2026-05-21 05:22:14Z INFO CommandLineParser] Adding option 'url': 'https://github.com/mamun-zavisoft/CICD-test'
[2026-05-21 05:22:14Z INFO CommandLineParser] parsing argument
[2026-05-21 05:22:14Z INFO CommandLineParser] HasArgs: True
[2026-05-21 05:22:14Z INFO CommandLineParser] arg: token
[2026-05-21 05:22:14Z INFO CommandLineParser] parsing argument
[2026-05-21 05:22:14Z INFO CommandLineParser] HasArgs: True
[2026-05-21 05:22:14Z INFO CommandLineParser] Adding option 'token': '***'
[2026-05-21 05:22:14Z INFO Listener] Arguments parsed
[2026-05-21 05:22:14Z INFO Runner] ExecuteCommand
[2026-05-21 05:22:14Z INFO ConfigurationStore] currentAssemblyLocation: /tmp/actions-runner/bin/Runner.Listener.dll
[2026-05-21 05:22:14Z INFO HostContext] Well known directory 'Bin': '/tmp/actions-runner/bin'
[2026-05-21 05:22:14Z INFO ConfigurationStore] binPath: /tmp/actions-runner/bin
[2026-05-21 05:22:14Z INFO HostContext] Well known directory 'Bin': '/tmp/actions-runner/bin'
[2026-05-21 05:22:14Z INFO HostContext] Well known directory 'Root': '/tmp/actions-runner'
[2026-05-21 05:22:14Z INFO ConfigurationStore] RootFolder: /tmp/actions-runner
[2026-05-21 05:22:14Z INFO HostContext] Well known directory 'Bin': '/tmp/actions-runner/bin'
[2026-05-21 05:22:14Z INFO HostContext] Well known directory 'Root': '/tmp/actions-runner'
[2026-05-21 05:22:14Z INFO HostContext] Well known config file 'Runner': '/tmp/actions-runner/.runner'
[2026-05-21 05:22:14Z INFO ConfigurationStore] ConfigFilePath: /tmp/actions-runner/.runner
[2026-05-21 05:22:14Z INFO HostContext] Well known directory 'Bin': '/tmp/actions-runner/bin'
[2026-05-21 05:22:14Z INFO HostContext] Well known directory 'Root': '/tmp/actions-runner'
[2026-05-21 05:22:14Z INFO HostContext] Well known config file 'MigratedRunner': '/tmp/actions-runner/.runner_migrated'
[2026-05-21 05:22:14Z INFO ConfigurationStore] MigratedConfigFilePath: /tmp/actions-runner/.runner_migrated
[2026-05-21 05:22:14Z INFO HostContext] Well known directory 'Bin': '/tmp/actions-runner/bin'
[2026-05-21 05:22:14Z INFO HostContext] Well known directory 'Root': '/tmp/actions-runner'
[2026-05-21 05:22:14Z INFO HostContext] Well known config file 'Credentials': '/tmp/actions-runner/.credentials'
[2026-05-21 05:22:14Z INFO ConfigurationStore] CredFilePath: /tmp/actions-runner/.credentials
[2026-05-21 05:22:14Z INFO HostContext] Well known directory 'Bin': '/tmp/actions-runner/bin'
[2026-05-21 05:22:14Z INFO HostContext] Well known directory 'Root': '/tmp/actions-runner'
[2026-05-21 05:22:14Z INFO HostContext] Well known config file 'MigratedCredentials': '/tmp/actions-runner/.credentials_migrated'
[2026-05-21 05:22:14Z INFO ConfigurationStore] MigratedCredFilePath: /tmp/actions-runner/.credentials_migrated
[2026-05-21 05:22:14Z INFO HostContext] Well known directory 'Bin': '/tmp/actions-runner/bin'
[2026-05-21 05:22:14Z INFO HostContext] Well known directory 'Root': '/tmp/actions-runner'
[2026-05-21 05:22:14Z INFO HostContext] Well known config file 'Service': '/tmp/actions-runner/.service'
[2026-05-21 05:22:14Z INFO ConfigurationStore] ServiceConfigFilePath: /tmp/actions-runner/.service
[2026-05-21 05:22:14Z INFO CommandSettings] Flag 'help': 'False'
[2026-05-21 05:22:14Z INFO CommandSettings] Flag 'version': 'False'
[2026-05-21 05:22:14Z INFO CommandSettings] Flag 'commit': 'False'
[2026-05-21 05:22:14Z INFO CommandSettings] Flag 'check': 'False'
[2026-05-21 05:22:14Z INFO CommandSettings] Command 'configure': 'True'
[2026-05-21 05:22:14Z INFO Terminal] WRITE LINE: 
[2026-05-21 05:22:14Z INFO Terminal] WRITE LINE: --------------------------------------------------------------------------------
[2026-05-21 05:22:14Z INFO Terminal] WRITE LINE: |        ____ _ _   _   _       _          _        _   _                      |
[2026-05-21 05:22:14Z INFO Terminal] WRITE LINE: |       / ___(_) |_| | | |_   _| |__      / \   ___| |_(_) ___  _ __  ___      |
[2026-05-21 05:22:14Z INFO Terminal] WRITE LINE: |      | |  _| | __| |_| | | | | '_ \    / _ \ / __| __| |/ _ \| '_ \/ __|     |
[2026-05-21 05:22:14Z INFO Terminal] WRITE LINE: |      | |_| | | |_|  _  | |_| | |_) |  / ___ \ (__| |_| | (_) | | | \__ \     |
[2026-05-21 05:22:14Z INFO Terminal] WRITE LINE: |       \____|_|\__|_| |_|\__,_|_.__/  /_/   \_\___|\__|_|\___/|_| |_|___/     |
[2026-05-21 05:22:14Z INFO Terminal] WRITE LINE: |                                                                              |
[2026-05-21 05:22:14Z INFO Terminal] WRITE: |                       
[2026-05-21 05:22:14Z INFO Terminal] WRITE: Self-hosted runner registration
[2026-05-21 05:22:14Z INFO Terminal] WRITE LINE:                         |
[2026-05-21 05:22:14Z INFO Terminal] WRITE LINE: |                                                                              |
[2026-05-21 05:22:14Z INFO Terminal] WRITE LINE: --------------------------------------------------------------------------------
[2026-05-21 05:22:14Z INFO ConfigurationManager] ConfigureAsync
[2026-05-21 05:22:14Z INFO CommandSettings] Flag 'generateServiceConfig': 'False'
[2026-05-21 05:22:14Z INFO ConfigurationStore] IsConfigured()
[2026-05-21 05:22:14Z INFO ConfigurationStore] IsConfigured: False
[2026-05-21 05:22:14Z INFO ConfigurationManager] Is configured: False
[2026-05-21 05:22:14Z INFO CommandSettings] Arg 'url': 'https://github.com/mamun-zavisoft/CICD-test'
[2026-05-21 05:22:14Z INFO CommandSettings] Remove url from Arg dictionary.
[2026-05-21 05:22:14Z INFO CommandSettings] Arg 'token': '***'
[2026-05-21 05:22:14Z INFO CommandSettings] Remove token from Arg dictionary.
[2026-05-21 05:22:14Z INFO ConfigurationManager] Http response code: OK from 'POST https://api.github.com/actions/runner-registration' (8E62:245293:5F66FAA:16BEEEF1:6A0E9686)
[2026-05-21 05:22:14Z INFO ConfigurationManager] Using runner-admin flow: False
[2026-05-21 05:22:14Z INFO ConfigurationManager] cred retrieved via GitHub auth
[2026-05-21 05:22:14Z INFO RunnerServer] EstablishVssConnection
[2026-05-21 05:22:14Z INFO RunnerServer] Establish connection with 100 seconds timeout.
[2026-05-21 05:22:14Z INFO GitHubActionsService] Starting operation Location.GetConnectionData
[2026-05-21 05:22:14Z INFO RunnerServer] EstablishVssConnection
[2026-05-21 05:22:14Z INFO RunnerServer] Establish connection with 60 seconds timeout.
[2026-05-21 05:22:14Z INFO GitHubActionsService] Starting operation Location.GetConnectionData
[2026-05-21 05:22:14Z INFO RunnerServer] EstablishVssConnection
[2026-05-21 05:22:14Z INFO RunnerServer] Establish connection with 60 seconds timeout.
[2026-05-21 05:22:14Z INFO GitHubActionsService] Starting operation Location.GetConnectionData
[2026-05-21 05:22:14Z INFO GitHubActionsService] Finished operation Location.GetConnectionData
[2026-05-21 05:22:14Z INFO GitHubActionsService] Finished operation Location.GetConnectionData
[2026-05-21 05:22:14Z INFO GitHubActionsService] Finished operation Location.GetConnectionData
[2026-05-21 05:22:14Z INFO Terminal] WRITE LINE: 
[2026-05-21 05:22:14Z INFO ConfigurationManager] Test Connection complete.
[2026-05-21 05:22:14Z INFO HostContext] Well known directory 'Bin': '/tmp/actions-runner/bin'
[2026-05-21 05:22:14Z INFO HostContext] Well known directory 'Root': '/tmp/actions-runner'
[2026-05-21 05:22:14Z INFO HostContext] Well known config file 'RSACredentials': '/tmp/actions-runner/.credentials_rsaparams'
[2026-05-21 05:22:14Z INFO RSAFileKeyManager] Found existing RSA key parameters file /tmp/actions-runner/.credentials_rsaparams
[2026-05-21 05:22:15Z INFO CommandSettings] Arg 'runnergroup': ''
[2026-05-21 05:22:15Z INFO CommandSettings] Flag 'unattended': 'False'
[2026-05-21 05:22:15Z INFO PromptManager] ReadValue
[2026-05-21 05:22:15Z INFO Terminal] WRITE: Enter the name of the runner group to add this runner to: 
[2026-05-21 05:22:15Z INFO Terminal] WRITE: [press Enter for Default] 
[2026-05-21 05:22:15Z INFO Terminal] READ LINE
[2026-05-21 05:22:16Z INFO Terminal] Read value: ''
[2026-05-21 05:22:16Z INFO PromptManager] Falling back to the default: 'Default'
[2026-05-21 05:22:16Z INFO Terminal] WRITE LINE: 
[2026-05-21 05:22:16Z INFO ConfigurationManager] Found a self-hosted runner group with id 1 and name Default
[2026-05-21 05:22:16Z INFO CommandSettings] Flag 'disableupdate': 'False'
[2026-05-21 05:22:16Z INFO CommandSettings] Flag 'ephemeral': 'False'
[2026-05-21 05:22:16Z INFO CommandSettings] Arg 'name': ''
[2026-05-21 05:22:16Z INFO CommandSettings] Flag 'unattended': 'False'
[2026-05-21 05:22:16Z INFO PromptManager] ReadValue
[2026-05-21 05:22:16Z INFO Terminal] WRITE: Enter the name of runner: 
[2026-05-21 05:22:16Z INFO Terminal] WRITE: [press Enter for ip-172-31-26-23] 
[2026-05-21 05:22:16Z INFO Terminal] READ LINE
[2026-05-21 05:22:19Z INFO Terminal] Read value: ''
[2026-05-21 05:22:19Z INFO PromptManager] Falling back to the default: 'ip-172-31-26-23'
[2026-05-21 05:22:19Z INFO Terminal] WRITE LINE: 
[2026-05-21 05:22:19Z INFO CommandSettings] Arg 'labels': ''
[2026-05-21 05:22:19Z INFO CommandSettings] Flag 'unattended': 'False'
[2026-05-21 05:22:19Z INFO PromptManager] ReadValue
[2026-05-21 05:22:19Z INFO Terminal] WRITE: This runner will have the following labels: 'self-hosted', 'Linux', 'X64' 
Enter any additional labels (ex. label-1,label-2): 
[2026-05-21 05:22:19Z INFO Terminal] WRITE: [press Enter to skip] 
[2026-05-21 05:22:19Z INFO Terminal] READ LINE
[2026-05-21 05:22:21Z INFO Terminal] Read value: ''
[2026-05-21 05:22:21Z INFO Terminal] WRITE LINE: 
[2026-05-21 05:22:21Z INFO CommandSettings] Flag 'disableupdate': 'False'
[2026-05-21 05:22:21Z INFO CommandSettings] Flag 'no-default-labels': 'False'
[2026-05-21 05:22:21Z INFO CommandSettings] Flag 'disableupdate': 'False'
[2026-05-21 05:22:21Z INFO CommandSettings] Flag 'ephemeral': 'False'
[2026-05-21 05:22:21Z INFO ConfigurationStore] Saving OAuth credential @ /tmp/actions-runner/.credentials
[2026-05-21 05:22:21Z INFO ConfigurationStore] Credentials Saved.
[2026-05-21 05:22:21Z INFO ConfigurationManager] Service enforced serverUrlV2: https://broker.actions.githubusercontent.com/
[2026-05-21 05:22:21Z INFO ConfigurationManager] Service enforced useV2Flow: True
[2026-05-21 05:22:21Z INFO CommandSettings] Arg 'work': ''
[2026-05-21 05:22:21Z INFO CommandSettings] Flag 'unattended': 'False'
[2026-05-21 05:22:21Z INFO PromptManager] ReadValue
[2026-05-21 05:22:21Z INFO Terminal] WRITE: Enter name of work folder: 
[2026-05-21 05:22:21Z INFO Terminal] WRITE: [press Enter for _work] 
[2026-05-21 05:22:21Z INFO Terminal] READ LINE
[2026-05-21 05:22:22Z INFO Terminal] Read value: ''
[2026-05-21 05:22:22Z INFO PromptManager] Falling back to the default: '_work'
[2026-05-21 05:22:22Z INFO ConfigurationStore] Saving runner settings.
[2026-05-21 05:22:22Z INFO ConfigurationStore] Settings Saved.
[2026-05-21 05:22:22Z INFO Terminal] WRITE LINE: 
[2026-05-21 05:22:22Z INFO Terminal] WRITE LINE: 
[2026-05-21 05:22:22Z INFO SystemDControlManager] Service name 'actions.runner.mamun-zavisoft-CICD-test.ip-172-31-26-23.service' display name 'GitHub Actions Runner (mamun-zavisoft-CICD-test.ip-172-31-26-23)' will be used for service configuration.
[2026-05-21 05:22:22Z INFO HostContext] Well known directory 'Bin': '/tmp/actions-runner/bin'
[2026-05-21 05:22:22Z INFO HostContext] Well known directory 'Root': '/tmp/actions-runner'
[2026-05-21 05:22:22Z INFO HostContext] Well known directory 'Bin': '/tmp/actions-runner/bin'
[2026-05-21 05:22:22Z INFO HostContext] Well known directory 'Bin': '/tmp/actions-runner/bin'
[2026-05-21 05:22:22Z INFO HostContext] Well known directory 'Root': '/tmp/actions-runner'
[2026-05-21 05:22:22Z INFO UnixUtil] Which2: 'chmod'
[2026-05-21 05:22:22Z INFO UnixUtil] Location: '/usr/bin/chmod'
[2026-05-21 05:22:22Z INFO UnixUtil] Running /usr/bin/chmod 755 "/tmp/actions-runner/svc.sh"
[2026-05-21 05:22:22Z INFO ProcessInvokerWrapper] Starting process:
[2026-05-21 05:22:22Z INFO ProcessInvokerWrapper]   File name: '/usr/bin/chmod'
[2026-05-21 05:22:22Z INFO ProcessInvokerWrapper]   Arguments: '755 "/tmp/actions-runner/svc.sh"'
[2026-05-21 05:22:22Z INFO ProcessInvokerWrapper]   Working directory: '/tmp/actions-runner'
[2026-05-21 05:22:22Z INFO ProcessInvokerWrapper]   Require exit code zero: 'True'
[2026-05-21 05:22:22Z INFO ProcessInvokerWrapper]   Encoding web name:  ; code page: ''
[2026-05-21 05:22:22Z INFO ProcessInvokerWrapper]   Force kill process on cancellation: 'False'
[2026-05-21 05:22:22Z INFO ProcessInvokerWrapper]   Redirected STDIN: 'False'
[2026-05-21 05:22:22Z INFO ProcessInvokerWrapper]   Persist current code page: 'False'
[2026-05-21 05:22:22Z INFO ProcessInvokerWrapper]   Keep redirected STDIN open: 'False'
[2026-05-21 05:22:22Z INFO ProcessInvokerWrapper]   High priority process: 'False'
[2026-05-21 05:22:22Z INFO ProcessInvokerWrapper] Process started with process id 29282, waiting for process exit.
[2026-05-21 05:22:22Z INFO ProcessInvokerWrapper] STDOUT/STDERR stream read finished.
[2026-05-21 05:22:22Z INFO ProcessInvokerWrapper] STDOUT/STDERR stream read finished.
[2026-05-21 05:22:22Z INFO ProcessInvokerWrapper] Finished process 29282 with exit code 0, and elapsed time 00:00:00.0059811.
[2026-05-21 05:22:22Z INFO Listener] Runner execution has finished with return code 0
